<?xml version="1.0" encoding="UTF-8"?>
<!-- Generated by org.testng.reporters.JUnitXMLReporter -->
<testsuite ignored="0" hostname="lappi" failures="0" tests="12" name="Default test" time="3.609" errors="0" timestamp="2025-07-18T15:02:21 EDT">
  <testcase classname="com.test.MainTest" name="testCreateBook" time="1.846"/>
  <testcase classname="com.test.MainTest" name="testCreateBookMissingFields" time="0.164"/>
  <testcase classname="com.test.MainTest" name="testCreateBookWithNegativePrice" time="0.123"/>
  <testcase classname="com.test.MainTest" name="testDeleteBook" time="0.267"/>
  <testcase classname="com.test.MainTest" name="testDeleteBookTwice" time="0.237"/>
  <testcase classname="com.test.MainTest" name="testGetBookById" time="0.109"/>
  <testcase classname="com.test.MainTest" name="testGetBooks" time="0.306"/>
  <testcase classname="com.test.MainTest" name="testGetBooksInvalidCredentials" time="0.113"/>
  <testcase classname="com.test.MainTest" name="testGetInvalidBookId" time="0.102"/>
  <testcase classname="com.test.MainTest" name="testUnauthorizedAccess" time="0.015"/>
  <testcase classname="com.test.MainTest" name="testUpdateBook" time="0.119"/>
  <testcase classname="com.test.MainTest" name="testUpdateNonexistentBook" time="0.119"/>
</testsuite> <!-- Default test -->
