<?xml version="1.0" encoding="UTF-8"?>
<testng-results ignored="0" total="12" passed="12" failed="0" skipped="0">
  <reporter-output>
  </reporter-output>
  <suite started-at="2025-07-18T15:02:17 EDT" name="Default suite" finished-at="2025-07-18T15:02:21 EDT" duration-ms="3609">
    <groups>
    </groups>
    <test started-at="2025-07-18T15:02:17 EDT" name="Default test" finished-at="2025-07-18T15:02:21 EDT" duration-ms="3609">
      <class name="com.test.MainTest">
        <test-method signature="testCreateBook()[pri:0, instance:com.test.MainTest@399f45b1]" started-at="2025-07-18T15:02:17 EDT" name="testCreateBook" finished-at="2025-07-18T15:02:19 EDT" duration-ms="1846" status="PASS">
          <reporter-output>
          </reporter-output>
        </test-method> <!-- testCreateBook -->
        <test-method signature="testCreateBookMissingFields()[pri:0, instance:com.test.MainTest@399f45b1]" started-at="2025-07-18T15:02:19 EDT" name="testCreateBookMissingFields" finished-at="2025-07-18T15:02:19 EDT" duration-ms="164" status="PASS">
          <reporter-output>
          </reporter-output>
        </test-method> <!-- testCreateBookMissingFields -->
        <test-method signature="testCreateBookWithNegativePrice()[pri:0, instance:com.test.MainTest@399f45b1]" started-at="2025-07-18T15:02:19 EDT" name="testCreateBookWithNegativePrice" finished-at="2025-07-18T15:02:19 EDT" duration-ms="123" status="PASS">
          <reporter-output>
          </reporter-output>
        </test-method> <!-- testCreateBookWithNegativePrice -->
        <test-method signature="testDeleteBook()[pri:0, instance:com.test.MainTest@399f45b1]" started-at="2025-07-18T15:02:19 EDT" name="testDeleteBook" finished-at="2025-07-18T15:02:19 EDT" duration-ms="267" status="PASS">
          <reporter-output>
          </reporter-output>
        </test-method> <!-- testDeleteBook -->
        <test-method signature="testDeleteBookTwice()[pri:0, instance:com.test.MainTest@399f45b1]" started-at="2025-07-18T15:02:19 EDT" name="testDeleteBookTwice" finished-at="2025-07-18T15:02:20 EDT" duration-ms="237" status="PASS">
          <reporter-output>
          </reporter-output>
        </test-method> <!-- testDeleteBookTwice -->
        <test-method signature="testGetBookById()[pri:0, instance:com.test.MainTest@399f45b1]" started-at="2025-07-18T15:02:20 EDT" name="testGetBookById" finished-at="2025-07-18T15:02:20 EDT" duration-ms="109" status="PASS">
          <reporter-output>
          </reporter-output>
        </test-method> <!-- testGetBookById -->
        <test-method signature="testGetBooks()[pri:0, instance:com.test.MainTest@399f45b1]" started-at="2025-07-18T15:02:20 EDT" name="testGetBooks" finished-at="2025-07-18T15:02:20 EDT" duration-ms="306" status="PASS">
          <reporter-output>
          </reporter-output>
        </test-method> <!-- testGetBooks -->
        <test-method signature="testGetBooksInvalidCredentials()[pri:0, instance:com.test.MainTest@399f45b1]" started-at="2025-07-18T15:02:20 EDT" name="testGetBooksInvalidCredentials" finished-at="2025-07-18T15:02:20 EDT" duration-ms="113" status="PASS">
          <reporter-output>
          </reporter-output>
        </test-method> <!-- testGetBooksInvalidCredentials -->
        <test-method signature="testGetInvalidBookId()[pri:0, instance:com.test.MainTest@399f45b1]" started-at="2025-07-18T15:02:20 EDT" name="testGetInvalidBookId" finished-at="2025-07-18T15:02:20 EDT" duration-ms="102" status="PASS">
          <reporter-output>
          </reporter-output>
        </test-method> <!-- testGetInvalidBookId -->
        <test-method signature="testUnauthorizedAccess()[pri:0, instance:com.test.MainTest@399f45b1]" started-at="2025-07-18T15:02:20 EDT" name="testUnauthorizedAccess" finished-at="2025-07-18T15:02:20 EDT" duration-ms="15" status="PASS">
          <reporter-output>
          </reporter-output>
        </test-method> <!-- testUnauthorizedAccess -->
        <test-method signature="testUpdateBook()[pri:0, instance:com.test.MainTest@399f45b1]" started-at="2025-07-18T15:02:20 EDT" name="testUpdateBook" finished-at="2025-07-18T15:02:20 EDT" duration-ms="119" status="PASS">
          <reporter-output>
          </reporter-output>
        </test-method> <!-- testUpdateBook -->
        <test-method signature="testUpdateNonexistentBook()[pri:0, instance:com.test.MainTest@399f45b1]" started-at="2025-07-18T15:02:20 EDT" name="testUpdateNonexistentBook" finished-at="2025-07-18T15:02:21 EDT" duration-ms="119" status="PASS">
          <reporter-output>
          </reporter-output>
        </test-method> <!-- testUpdateNonexistentBook -->
      </class> <!-- com.test.MainTest -->
    </test> <!-- Default test -->
  </suite> <!-- Default suite -->
</testng-results>
